This is pdfTeX, Version 3.141592653-2.6-1.40.24 (MiKTeX 22.8.28) (preloaded format=pdflatex 2022.9.20)  14 MAY 2024 02:01
entering extended mode
 restricted \write18 enabled.
 file:line:error style messages enabled.
 %&-line parsing enabled.
**d:/GIT_Repositories/second-attempt/Drafts/2024.05.13/main.tex
(d:/GIT_Repositories/second-attempt/Drafts/2024.05.13/main.tex
LaTeX2e <2022-06-01> patch level 5
L3 programming layer <2022-08-30> (C:\Users\larsb\AppData\Local\Programs\MiKTeX\tex/latex/ieeetran\IEEEtran.cls
Document Class: IEEEtran 2015/08/26 V1.8b by Michael Shell
-- See the "IEEEtran_HOWTO" manual for usage information.
-- http://www.michaelshell.org/tex/ieeetran/
\@IEEEtrantmpdimenA=\dimen138
\@IEEEtrantmpdimenB=\dimen139
\@IEEEtrantmpdimenC=\dimen140
\@IEEEtrantmpcountA=\count185
\@IEEEtrantmpcountB=\count186
\@IEEEtrantmpcountC=\count187
\@IEEEtrantmptoksA=\toks16
LaTeX Font Info:    Trying to load font information for OT1+ptm on input line 503.
(C:\Users\larsb\AppData\Local\Programs\MiKTeX\tex/latex/psnfss\ot1ptm.fd
File: ot1ptm.fd 2001/06/04 font definitions for OT1/ptm.
)
-- Using 210mm x 297mm (a4) paper.
-- Using PDF output.
\@IEEEnormalsizeunitybaselineskip=\dimen141
-- This is a 12 point document.
\CLASSINFOnormalsizebaselineskip=\dimen142
\CLASSINFOnormalsizeunitybaselineskip=\dimen143
\IEEEnormaljot=\dimen144
LaTeX Font Info:    Font shape `OT1/ptm/bx/n' in size <6> not available
(Font)              Font shape `OT1/ptm/b/n' tried instead on input line 1090.
LaTeX Font Info:    Font shape `OT1/ptm/bx/it' in size <6> not available
(Font)              Font shape `OT1/ptm/b/it' tried instead on input line 1090.
LaTeX Font Info:    Font shape `OT1/ptm/bx/n' in size <8> not available
(Font)              Font shape `OT1/ptm/b/n' tried instead on input line 1090.
LaTeX Font Info:    Font shape `OT1/ptm/bx/it' in size <8> not available
(Font)              Font shape `OT1/ptm/b/it' tried instead on input line 1090.
LaTeX Font Info:    Font shape `OT1/ptm/bx/n' in size <9> not available
(Font)              Font shape `OT1/ptm/b/n' tried instead on input line 1090.
LaTeX Font Info:    Font shape `OT1/ptm/bx/it' in size <9> not available
(Font)              Font shape `OT1/ptm/b/it' tried instead on input line 1090.
LaTeX Font Info:    Font shape `OT1/ptm/bx/n' in size <10> not available
(Font)              Font shape `OT1/ptm/b/n' tried instead on input line 1090.
LaTeX Font Info:    Font shape `OT1/ptm/bx/it' in size <10> not available
(Font)              Font shape `OT1/ptm/b/it' tried instead on input line 1090.
LaTeX Font Info:    Font shape `OT1/ptm/bx/n' in size <12> not available
(Font)              Font shape `OT1/ptm/b/n' tried instead on input line 1090.
LaTeX Font Info:    Font shape `OT1/ptm/bx/it' in size <12> not available
(Font)              Font shape `OT1/ptm/b/it' tried instead on input line 1090.
LaTeX Font Info:    Font shape `OT1/ptm/bx/n' in size <14> not available
(Font)              Font shape `OT1/ptm/b/n' tried instead on input line 1090.
LaTeX Font Info:    Font shape `OT1/ptm/bx/it' in size <14> not available
(Font)              Font shape `OT1/ptm/b/it' tried instead on input line 1090.
LaTeX Font Info:    Font shape `OT1/ptm/bx/n' in size <20> not available
(Font)              Font shape `OT1/ptm/b/n' tried instead on input line 1090.
LaTeX Font Info:    Font shape `OT1/ptm/bx/it' in size <20> not available
(Font)              Font shape `OT1/ptm/b/it' tried instead on input line 1090.
LaTeX Font Info:    Font shape `OT1/ptm/bx/n' in size <22> not available
(Font)              Font shape `OT1/ptm/b/n' tried instead on input line 1090.
LaTeX Font Info:    Font shape `OT1/ptm/bx/it' in size <22> not available
(Font)              Font shape `OT1/ptm/b/it' tried instead on input line 1090.
LaTeX Font Info:    Font shape `OT1/ptm/bx/n' in size <24> not available
(Font)              Font shape `OT1/ptm/b/n' tried instead on input line 1090.
LaTeX Font Info:    Font shape `OT1/ptm/bx/it' in size <24> not available
(Font)              Font shape `OT1/ptm/b/it' tried instead on input line 1090.
\IEEEquantizedlength=\dimen145
\IEEEquantizedlengthdiff=\dimen146
\IEEEquantizedtextheightdiff=\dimen147
\IEEEilabelindentA=\dimen148
\IEEEilabelindentB=\dimen149
\IEEEilabelindent=\dimen150
\IEEEelabelindent=\dimen151
\IEEEdlabelindent=\dimen152
\IEEElabelindent=\dimen153
\IEEEiednormlabelsep=\dimen154
\IEEEiedmathlabelsep=\dimen155
\IEEEiedtopsep=\skip47
\c@section=\count188
\c@subsection=\count189
\c@subsubsection=\count190
\c@paragraph=\count191
\c@IEEEsubequation=\count192
\abovecaptionskip=\skip48
\belowcaptionskip=\skip49
\c@figure=\count193
\c@table=\count194
\@IEEEeqnnumcols=\count195
\@IEEEeqncolcnt=\count196
\@IEEEsubeqnnumrollback=\count197
\@IEEEquantizeheightA=\dimen156
\@IEEEquantizeheightB=\dimen157
\@IEEEquantizeheightC=\dimen158
\@IEEEquantizeprevdepth=\dimen159
\@IEEEquantizemultiple=\count198
\@IEEEquantizeboxA=\box51
\@IEEEtmpitemindent=\dimen160
\IEEEPARstartletwidth=\dimen161
\c@IEEEbiography=\count199
\@IEEEtranrubishbin=\box52
) (resources/preamble.tex (C:\Users\larsb\AppData\Local\Programs\MiKTeX\tex/latex/base\inputenc.sty
Package: inputenc 2021/02/14 v1.3d Input encoding file
\inpenc@prehook=\toks17
\inpenc@posthook=\toks18
) (C:\Users\larsb\AppData\Local\Programs\MiKTeX\tex/latex/base\fontenc.sty
Package: fontenc 2021/04/29 v2.0v Standard LaTeX package
LaTeX Font Info:    Trying to load font information for T1+ptm on input line 112.
 (C:\Users\larsb\AppData\Local\Programs\MiKTeX\tex/latex/psnfss\t1ptm.fd
File: t1ptm.fd 2001/06/04 font definitions for T1/ptm.
)) (C:\Users\larsb\AppData\Local\Programs\MiKTeX\tex/latex/graphics\graphicx.sty
Package: graphicx 2021/09/16 v1.2d Enhanced LaTeX Graphics (DPC,SPQR)
 (C:\Users\larsb\AppData\Local\Programs\MiKTeX\tex/latex/graphics\keyval.sty
Package: keyval 2022/05/29 v1.15 key=value parser (DPC)
\KV@toks@=\toks19
) (C:\Users\larsb\AppData\Local\Programs\MiKTeX\tex/latex/graphics\graphics.sty
Package: graphics 2022/03/10 v1.4e Standard LaTeX Graphics (DPC,SPQR)
 (C:\Users\larsb\AppData\Local\Programs\MiKTeX\tex/latex/graphics\trig.sty
Package: trig 2021/08/11 v1.11 sin cos tan (DPC)
) (C:\Users\larsb\AppData\Local\Programs\MiKTeX\tex/latex/graphics-cfg\graphics.cfg
File: graphics.cfg 2016/06/04 v1.11 sample graphics configuration
)
Package graphics Info: Driver file: pdftex.def on input line 107.
 (C:\Users\larsb\AppData\Local\Programs\MiKTeX\tex/latex/graphics-def\pdftex.def
File: pdftex.def 2020/10/05 v1.2a Graphics/color driver for pdftex
))
\Gin@req@height=\dimen162
\Gin@req@width=\dimen163
) (C:\Users\larsb\AppData\Local\Programs\MiKTeX\tex/latex/subfiles\subfiles.sty
Package: subfiles 2020/11/14 v2.2 Multi-file projects (package)
 (C:\Users\larsb\AppData\Local\Programs\MiKTeX\tex/latex/import\import.sty
Package: import 2020/04/01  v 6.2
)) (C:\Users\larsb\AppData\Local\Programs\MiKTeX\tex/latex/cite\cite.sty
LaTeX Info: Redefining \cite on input line 302.
LaTeX Info: Redefining \nocite on input line 332.
Package: cite 2015/02/27  v 5.5
) (C:\Users\larsb\AppData\Local\Programs\MiKTeX\tex/generic/soul\soul.sty
Package: soul 2023-02-18 v3.0 Permit use of UTF-8 characters in soul (HO)
 (C:\Users\larsb\AppData\Local\Programs\MiKTeX\tex/generic/soul\soul-ori.sty
Package: soul-ori 2023-02-18 v3.0 letterspacing/underlining (mf)
\SOUL@word=\toks20
\SOUL@lasttoken=\toks21
\SOUL@syllable=\toks22
\SOUL@cmds=\toks23
\SOUL@buffer=\toks24
\SOUL@token=\toks25
\SOUL@syllgoal=\dimen164
\SOUL@syllwidth=\dimen165
\SOUL@charkern=\dimen166
\SOUL@hyphkern=\dimen167
\SOUL@dimen=\dimen168
\SOUL@dimeni=\dimen169
\SOUL@minus=\count266
\SOUL@comma=\count267
\SOUL@apo=\count268
\SOUL@grave=\count269
\SOUL@spaceskip=\skip50
\SOUL@ttwidth=\dimen170
\SOUL@uldp=\dimen171
\SOUL@ulht=\dimen172
) (C:\Users\larsb\AppData\Local\Programs\MiKTeX\tex/generic/infwarerr\infwarerr.sty
Package: infwarerr 2019/12/03 v1.5 Providing info/warning/error messages (HO)
) (C:\Users\larsb\AppData\Local\Programs\MiKTeX\tex/generic/etexcmds\etexcmds.sty
Package: etexcmds 2019/12/15 v1.7 Avoid name clashes with e-TeX commands (HO)
 (C:\Users\larsb\AppData\Local\Programs\MiKTeX\tex/generic/iftex\iftex.sty
Package: iftex 2022/02/03 v1.0f TeX engine tests
))) (C:\Users\larsb\AppData\Local\Programs\MiKTeX\tex/latex/parskip\parskip.sty
Package: parskip 2021-03-14 v2.0h non-zero parskip adjustments
 (C:\Users\larsb\AppData\Local\Programs\MiKTeX\tex/latex/kvoptions\kvoptions.sty
Package: kvoptions 2022-06-15 v3.15 Key value format for package options (HO)
 (C:\Users\larsb\AppData\Local\Programs\MiKTeX\tex/generic/ltxcmds\ltxcmds.sty
Package: ltxcmds 2020-05-10 v1.25 LaTeX kernel commands for general use (HO)
) (C:\Users\larsb\AppData\Local\Programs\MiKTeX\tex/generic/kvsetkeys\kvsetkeys.sty
Package: kvsetkeys 2019/12/15 v1.18 Key value parser (HO)
)) (C:\Users\larsb\AppData\Local\Programs\MiKTeX\tex/latex/etoolbox\etoolbox.sty
Package: etoolbox 2020/10/05 v2.5k e-TeX tools for LaTeX (JAW)
\etb@tempcnta=\count270
)) (C:\Users\larsb\AppData\Local\Programs\MiKTeX\tex/latex/glossaries/base\glossaries.sty
Package: glossaries 2022/11/03 v4.52 (NLCT)
 (C:\Users\larsb\AppData\Local\Programs\MiKTeX\tex/latex/base\ifthen.sty
Package: ifthen 2022/04/13 v1.1d Standard LaTeX ifthen package (DPC)
) (C:\Users\larsb\AppData\Local\Programs\MiKTeX\tex/latex/xkeyval\xkeyval.sty
Package: xkeyval 2022/06/16 v2.9 package option processing (HA)
 (C:\Users\larsb\AppData\Local\Programs\MiKTeX\tex/generic/xkeyval\xkeyval.tex (C:\Users\larsb\AppData\Local\Programs\MiKTeX\tex/generic/xkeyval\xkvutils.tex
\XKV@toks=\toks26
\XKV@tempa@toks=\toks27
)
\XKV@depth=\count271
File: xkeyval.tex 2014/12/03 v2.7a key=value parser (HA)
)) (C:\Users\larsb\AppData\Local\Programs\MiKTeX\tex/latex/mfirstuc\mfirstuc.sty
Package: mfirstuc 2022/10/14 v2.08 (NLCT)
\@glsmfirst=\toks28
\@glsmrest=\toks29
) (C:\Users\larsb\AppData\Local\Programs\MiKTeX\tex/latex/xfor\xfor.sty
Package: xfor 2009/02/05 v1.05 (NLCT)
) (C:\Users\larsb\AppData\Local\Programs\MiKTeX\tex/latex/datatool\datatool-base.sty
Package: datatool-base 2019/09/27 v2.32 (NLCT)
 (C:\Users\larsb\AppData\Local\Programs\MiKTeX\tex/latex/amsmath\amsmath.sty
Package: amsmath 2022/04/08 v2.17n AMS math features
\@mathmargin=\skip51

For additional information on amsmath, use the `?' option.
(C:\Users\larsb\AppData\Local\Programs\MiKTeX\tex/latex/amsmath\amstext.sty
Package: amstext 2021/08/26 v2.01 AMS text
 (C:\Users\larsb\AppData\Local\Programs\MiKTeX\tex/latex/amsmath\amsgen.sty
File: amsgen.sty 1999/11/30 v2.0 generic functions
\@emptytoks=\toks30
\ex@=\dimen173
)) (C:\Users\larsb\AppData\Local\Programs\MiKTeX\tex/latex/amsmath\amsbsy.sty
Package: amsbsy 1999/11/29 v1.2d Bold Symbols
\pmbraise@=\dimen174
) (C:\Users\larsb\AppData\Local\Programs\MiKTeX\tex/latex/amsmath\amsopn.sty
Package: amsopn 2022/04/08 v2.04 operator names
)
\inf@bad=\count272
LaTeX Info: Redefining \frac on input line 234.
\uproot@=\count273
\leftroot@=\count274
LaTeX Info: Redefining \overline on input line 399.
LaTeX Info: Redefining \colon on input line 410.
\classnum@=\count275
\DOTSCASE@=\count276
LaTeX Info: Redefining \ldots on input line 496.
LaTeX Info: Redefining \dots on input line 499.
LaTeX Info: Redefining \cdots on input line 620.
\Mathstrutbox@=\box53
\strutbox@=\box54
LaTeX Info: Redefining \big on input line 722.
LaTeX Info: Redefining \Big on input line 723.
LaTeX Info: Redefining \bigg on input line 724.
LaTeX Info: Redefining \Bigg on input line 725.
\big@size=\dimen175
LaTeX Font Info:    Redeclaring font encoding OML on input line 743.
LaTeX Font Info:    Redeclaring font encoding OMS on input line 744.
\macc@depth=\count277
LaTeX Info: Redefining \bmod on input line 905.
LaTeX Info: Redefining \pmod on input line 910.
LaTeX Info: Redefining \smash on input line 940.
LaTeX Info: Redefining \relbar on input line 970.
LaTeX Info: Redefining \Relbar on input line 971.
\c@MaxMatrixCols=\count278
\dotsspace@=\muskip16
\c@parentequation=\count279
\dspbrk@lvl=\count280
\tag@help=\toks31
\row@=\count281
\column@=\count282
\maxfields@=\count283
\andhelp@=\toks32
\eqnshift@=\dimen176
\alignsep@=\dimen177
\tagshift@=\dimen178
\tagwidth@=\dimen179
\totwidth@=\dimen180
\lineht@=\dimen181
\@envbody=\toks33
\multlinegap=\skip52
\multlinetaggap=\skip53
\mathdisplay@stack=\toks34
LaTeX Info: Redefining \[ on input line 2953.
LaTeX Info: Redefining \] on input line 2954.
) (C:\Users\larsb\AppData\Local\Programs\MiKTeX\tex/latex/substr\substr.sty
Package: substr 2009/10/20 v1.2 Handle substrings
\c@su@anzahl=\count284
) (C:\Users\larsb\AppData\Local\Programs\MiKTeX\tex/latex/datatool\datatool-fp.sty
Package: datatool-fp 2019/09/27 v2.32 (NLCT)
 (C:\Users\larsb\AppData\Local\Programs\MiKTeX\tex/latex/fp\fp.sty
Package: fp 1995/04/02
 `Fixed Point Package', Version 0.8, April 2, 1995 (C) Michael Mehlich (C:\Users\larsb\AppData\Local\Programs\MiKTeX\tex/latex/fp\defpattern.sty
Package: defpattern 1994/10/12
\actioncount=\count285
) (C:\Users\larsb\AppData\Local\Programs\MiKTeX\tex/latex/fp\fp-basic.sty
Package: fp-basic 1996/05/13
\FP@xs=\count286
\FP@xia=\count287
\FP@xib=\count288
\FP@xfa=\count289
\FP@xfb=\count290
\FP@rega=\count291
\FP@regb=\count292
\FP@regs=\count293
\FP@times=\count294
) (C:\Users\larsb\AppData\Local\Programs\MiKTeX\tex/latex/fp\fp-addons.sty
Package: fp-addons 1995/03/15
) (C:\Users\larsb\AppData\Local\Programs\MiKTeX\tex/latex/fp\fp-snap.sty
Package: fp-snap 1995/04/05
) (C:\Users\larsb\AppData\Local\Programs\MiKTeX\tex/latex/fp\fp-exp.sty
Package: fp-exp 1995/04/03
) (C:\Users\larsb\AppData\Local\Programs\MiKTeX\tex/latex/fp\fp-trigo.sty
Package: fp-trigo 1995/04/14
) (C:\Users\larsb\AppData\Local\Programs\MiKTeX\tex/latex/fp\fp-pas.sty
Package: fp-pas 1994/08/29
) (C:\Users\larsb\AppData\Local\Programs\MiKTeX\tex/latex/fp\fp-random.sty
Package: fp-random 1995/02/23
\FPseed=\count295
) (C:\Users\larsb\AppData\Local\Programs\MiKTeX\tex/latex/fp\fp-eqn.sty
Package: fp-eqn 1995/04/03
) (C:\Users\larsb\AppData\Local\Programs\MiKTeX\tex/latex/fp\fp-upn.sty
Package: fp-upn 1996/10/21
) (C:\Users\larsb\AppData\Local\Programs\MiKTeX\tex/latex/fp\fp-eval.sty
Package: fp-eval 1995/04/03
)))
\@dtl@toks=\toks35
\@dtl@tmpcount=\count296
\dtl@tmplength=\skip54
\dtl@sortresult=\count297
\@dtl@numgrpsepcount=\count298
\@dtl@datatype=\count299
\dtl@codeA=\count300
\dtl@codeB=\count301
\@dtl@foreach@level=\count302
)
\gls@level=\count303
\@gls@tmpb=\toks36
\gls@tmplen=\skip55
\glskeylisttok=\toks37
\glslabeltok=\toks38
\glsshorttok=\toks39
\glslongtok=\toks40
 (C:\Users\larsb\AppData\Local\Programs\MiKTeX\tex/latex/glossaries/styles\glossary-hypernav.sty
Package: glossary-hypernav 2022/11/03 v4.52 (NLCT)
) (C:\Users\larsb\AppData\Local\Programs\MiKTeX\tex/latex/glossaries/styles\glossary-list.sty
Package: glossary-list 2022/11/03 v4.52 (NLCT)
\glslistdottedwidth=\skip56
) (C:\Users\larsb\AppData\Local\Programs\MiKTeX\tex/latex/glossaries/styles\glossary-long.sty
Package: glossary-long 2022/11/03 v4.52 (NLCT)
 (C:\Users\larsb\AppData\Local\Programs\MiKTeX\tex/latex/tools\longtable.sty
Package: longtable 2021-09-01 v4.17 Multi-page Table package (DPC)
\LTleft=\skip57
\LTright=\skip58
\LTpre=\skip59
\LTpost=\skip60
\LTchunksize=\count304
\LTcapwidth=\dimen182
\LT@head=\box55
\LT@firsthead=\box56
\LT@foot=\box57
\LT@lastfoot=\box58
\LT@gbox=\box59
\LT@cols=\count305
\LT@rows=\count306
\c@LT@tables=\count307
\c@LT@chunks=\count308
\LT@p@ftn=\toks41
)
\glsdescwidth=\skip61
\glspagelistwidth=\skip62
) (C:\Users\larsb\AppData\Local\Programs\MiKTeX\tex/latex/glossaries/styles\glossary-super.sty
Package: glossary-super 2022/11/03 v4.52 (NLCT)
 (C:\Users\larsb\AppData\Local\Programs\MiKTeX\tex/latex/supertabular\supertabular.sty
Package: supertabular 2020/02/02 v4.1g the supertabular environment
\c@tracingst=\count309
\ST@wd=\dimen183
\ST@rightskip=\skip63
\ST@leftskip=\skip64
\ST@parfillskip=\skip65
\ST@pageleft=\dimen184
\ST@headht=\dimen185
\ST@tailht=\dimen186
\ST@pagesofar=\dimen187
\ST@pboxht=\dimen188
\ST@lineht=\dimen189
\ST@prevht=\dimen190
\ST@toadd=\dimen191
\ST@dimen=\dimen192
\ST@pbox=\box60
)) (C:\Users\larsb\AppData\Local\Programs\MiKTeX\tex/latex/glossaries/styles\glossary-tree.sty
Package: glossary-tree 2022/11/03 v4.52 (NLCT)
\glstreeindent=\skip66
)) (C:\Users\larsb\AppData\Local\Programs\MiKTeX\tex/latex/csquotes\csquotes.sty
Package: csquotes 2022-09-14 v5.2n context-sensitive quotations (JAW)
\csq@reset=\count310
\csq@gtype=\count311
\csq@glevel=\count312
\csq@qlevel=\count313
\csq@maxlvl=\count314
\csq@tshold=\count315
\csq@ltx@everypar=\toks42
 (C:\Users\larsb\AppData\Local\Programs\MiKTeX\tex/latex/csquotes\csquotes.def
File: csquotes.def 2022-09-14 v5.2n csquotes generic definitions (JAW)
)
Package csquotes Info: Trying to load configuration file 'csquotes.cfg'...
Package csquotes Info: ... configuration file loaded successfully.
 (C:\Users\larsb\AppData\Local\Programs\MiKTeX\tex/latex/csquotes\csquotes.cfg
File: csquotes.cfg 
))) (resources/enviroments.tex)
\glswrite=\write3
\glo@main@file=\write4
\openout4 = `main.glo'.

Package glossaries Info: Writing glossary file main.glo on input line 10.
 (resources/glossaryList.tex)
Package csquotes Info: Checking for multilingual support...
Package csquotes Info: ... none found.
 (C:\Users\larsb\AppData\Local\Programs\MiKTeX\tex/latex/l3backend\l3backend-pdftex.def
File: l3backend-pdftex.def 2022-08-30 L3 backend support: PDF output (pdfTeX)
\l__color_backend_stack_int=\count316
\l__pdf_internal_box=\box61
) (main.aux)
\openout1 = `main.aux'.

LaTeX Font Info:    Checking defaults for OML/cmm/m/it on input line 23.
LaTeX Font Info:    ... okay on input line 23.
LaTeX Font Info:    Checking defaults for OMS/cmsy/m/n on input line 23.
LaTeX Font Info:    ... okay on input line 23.
LaTeX Font Info:    Checking defaults for OT1/cmr/m/n on input line 23.
LaTeX Font Info:    ... okay on input line 23.
LaTeX Font Info:    Checking defaults for T1/cmr/m/n on input line 23.
LaTeX Font Info:    ... okay on input line 23.
LaTeX Font Info:    Checking defaults for TS1/cmr/m/n on input line 23.
LaTeX Font Info:    ... okay on input line 23.
LaTeX Font Info:    Checking defaults for OMX/cmex/m/n on input line 23.
LaTeX Font Info:    ... okay on input line 23.
LaTeX Font Info:    Checking defaults for U/cmr/m/n on input line 23.
LaTeX Font Info:    ... okay on input line 23.

-- Lines per column: 50 (exact).
(C:\Users\larsb\AppData\Local\Programs\MiKTeX\tex/context/base/mkii\supp-pdf.mkii
[Loading MPS to PDF converter (version 2006.09.02).]
\scratchcounter=\count317
\scratchdimen=\dimen193
\scratchbox=\box62
\nofMPsegments=\count318
\nofMParguments=\count319
\everyMPshowfont=\toks43
\MPscratchCnt=\count320
\MPscratchDim=\dimen194
\MPnumerator=\count321
\makeMPintoPDFobject=\count322
\everyMPtoPDFconversion=\toks44
) (C:\Users\larsb\AppData\Local\Programs\MiKTeX\tex/latex/epstopdf-pkg\epstopdf-base.sty
Package: epstopdf-base 2020-01-24 v2.11 Base part for package epstopdf
Package epstopdf-base Info: Redefining graphics rule for `.eps' on input line 485.
 (C:\Users\larsb\AppData\Local\Programs\MiKTeX\tex/latex/00miktex\epstopdf-sys.cfg
File: epstopdf-sys.cfg 2021/03/18 v2.0 Configuration of epstopdf for MiKTeX
)) (sections/titlepage.tex
<resources/images/hvl_logo_engelsk.pdf, id=1, 498.37343pt x 171.72148pt>
File: resources/images/hvl_logo_engelsk.pdf Graphic file (type pdf)
<use resources/images/hvl_logo_engelsk.pdf>
Package pdftex.def Info: resources/images/hvl_logo_engelsk.pdf  used on input line 27.
(pdftex.def)             Requested size: 203.15572pt x 70.0pt.
 [0{C:/Users/larsb/AppData/Local/MiKTeX/fonts/map/pdftex/pdftex.map}

\openout3 = `main.ist'.


 <./resources/images/hvl_logo_engelsk.pdf>]) (sections/abstract.tex) (sections/acknowledgments.tex) [1


] (main.toc)
\tf@toc=\write5
\openout5 = `main.toc'.

 (main.lof [2

])
\tf@lof=\write6
\openout6 = `main.lof'.

 (main.lot)
\tf@lot=\write7
\openout7 = `main.lot'.

 [3] (main.gls
Overfull \hbox (68.04102pt too wide) in alignment at lines 2--43
 [] [] [] 
 []

) (sections/introduction.tex [4

]) (sections/background.tex
Underfull \vbox (badness 10000) has occurred while \output is active []

 [5]
<resources/images/MediColBox.png, id=27, 545.78906pt x 694.09312pt>
File: resources/images/MediColBox.png Graphic file (type png)
<use resources/images/MediColBox.png>
Package pdftex.def Info: resources/images/MediColBox.png  used on input line 27.
(pdftex.def)             Requested size: 258.0pt x 328.09842pt.
 [6 <./resources/images/MediColBox.png>] [7] [8]) (sections/methodology.tex [9] [10]
<resources/images/rpi_with_cover.png, id=47, 761.84625pt x 418.56375pt>
File: resources/images/rpi_with_cover.png Graphic file (type png)
<use resources/images/rpi_with_cover.png>
Package pdftex.def Info: resources/images/rpi_with_cover.png  used on input line 143.
(pdftex.def)             Requested size: 361.19843pt x 198.44302pt.
<resources/images/rpi_without_cover.png, id=48, 1005.00468pt x 517.18219pt>
File: resources/images/rpi_without_cover.png Graphic file (type png)
<use resources/images/rpi_without_cover.png>
Package pdftex.def Info: resources/images/rpi_without_cover.png  used on input line 167.
(pdftex.def)             Requested size: 361.19843pt x 185.86978pt.
 [11

 <./resources/images/rpi_with_cover.png> <./resources/images/rpi_without_cover.png>]
LaTeX Font Info:    Trying to load font information for T1+pcr on input line 210.
 (C:\Users\larsb\AppData\Local\Programs\MiKTeX\tex/latex/psnfss\t1pcr.fd
File: t1pcr.fd 2001/06/04 font definitions for T1/pcr.
)

pdfTeX warning: pdflatex (file ./resources/figures/Wiring.drawio.pdf): PDF inclusion: found PDF version <1.7>, but at most version <1.5> allowed
<resources/figures/Wiring.drawio.pdf, id=55, 522.99388pt x 264.02641pt>
File: resources/figures/Wiring.drawio.pdf Graphic file (type pdf)
<use resources/figures/Wiring.drawio.pdf>
Package pdftex.def Info: resources/figures/Wiring.drawio.pdf  used on input line 234.
(pdftex.def)             Requested size: 412.80157pt x 208.40533pt.


pdfTeX warning: pdflatex (file ./resources/figures/sequence.drawio.pdf): PDF inclusion: found PDF version <1.7>, but at most version <1.5> allowed
<resources/figures/sequence.drawio.pdf, id=56, 571.17387pt x 264.02641pt>
File: resources/figures/sequence.drawio.pdf Graphic file (type pdf)
<use resources/figures/sequence.drawio.pdf>
Package pdftex.def Info: resources/figures/sequence.drawio.pdf  used on input line 241.
(pdftex.def)             Requested size: 412.80157pt x 190.81999pt.
<resources/images/prototype_image.jpg, id=57, 1927.2pt x 868.24374pt>
File: resources/images/prototype_image.jpg Graphic file (type jpg)
<use resources/images/prototype_image.jpg>
Package pdftex.def Info: resources/images/prototype_image.jpg  used on input line 248.
(pdftex.def)             Requested size: 412.80157pt x 185.9666pt.

Overfull \hbox (21.9179pt too wide) in paragraph at lines 273--287
 [][] 
 []

[12

] [13 <./resources/figures/Wiring.drawio.pdf> <./resources/figures/sequence.drawio.pdf> <./resources/images/prototype_image.jpg>] [14] [15

]) (sections/results.tex [16]
Package epstopdf Info: Source file: <resources/figures/Acceleration_strike.eps>
(epstopdf)                    date: 2024-05-13 22:15:28
(epstopdf)                    size: 30182 bytes
(epstopdf)             Output file: <resources/figures/Acceleration_strike-eps-converted-to.pdf>
(epstopdf)                    date: 2024-05-13 22:15:28
(epstopdf)                    size: 14399 bytes
(epstopdf)             Command: <miktex-epstopdf --outfile=resources/figures/Acceleration_strike-eps-converted-to.pdf resources/figures/Acceleration_strike.eps>
(epstopdf)             \includegraphics on input line 36.
Package epstopdf Info: Output file is already uptodate.


pdfTeX warning: pdflatex (file ./resources/figures/Acceleration_strike-eps-converted-to.pdf): PDF inclusion: found PDF version <1.7>, but at most version <1.5> allowed
<resources/figures/Acceleration_strike-eps-converted-to.pdf, id=93, 1388.18625pt x 704.6325pt>
File: resources/figures/Acceleration_strike-eps-converted-to.pdf Graphic file (type pdf)
<use resources/figures/Acceleration_strike-eps-converted-to.pdf>
Package pdftex.def Info: resources/figures/Acceleration_strike-eps-converted-to.pdf  used on input line 36.
(pdftex.def)             Requested size: 412.80157pt x 209.53131pt.
Package epstopdf Info: Source file: <resources/figures/Fourier_acceleration_strike.eps>
(epstopdf)                    date: 2024-05-13 22:15:28
(epstopdf)                    size: 28770 bytes
(epstopdf)             Output file: <resources/figures/Fourier_acceleration_strike-eps-converted-to.pdf>
(epstopdf)                    date: 2024-05-13 22:15:28
(epstopdf)                    size: 15977 bytes
(epstopdf)             Command: <miktex-epstopdf --outfile=resources/figures/Fourier_acceleration_strike-eps-converted-to.pdf resources/figures/Fourier_acceleration_strike.eps>
(epstopdf)             \includegraphics on input line 59.
Package epstopdf Info: Output file is already uptodate.


pdfTeX warning: pdflatex (file ./resources/figures/Fourier_acceleration_strike-eps-converted-to.pdf): PDF inclusion: found PDF version <1.7>, but at most version <1.5> allowed
<resources/figures/Fourier_acceleration_strike-eps-converted-to.pdf, id=94, 1388.18625pt x 704.6325pt>
File: resources/figures/Fourier_acceleration_strike-eps-converted-to.pdf Graphic file (type pdf)
<use resources/figures/Fourier_acceleration_strike-eps-converted-to.pdf>
Package pdftex.def Info: resources/figures/Fourier_acceleration_strike-eps-converted-to.pdf  used on input line 59.
(pdftex.def)             Requested size: 412.80157pt x 209.53131pt.
[17

 <./resources/figures/Acceleration_strike-eps-converted-to.pdf>] [18 <./resources/figures/Fourier_acceleration_strike-eps-converted-to.pdf>]
Package epstopdf Info: Source file: <resources/figures/Acceleration_drop.eps>
(epstopdf)                    date: 2024-05-13 22:15:28
(epstopdf)                    size: 44770 bytes
(epstopdf)             Output file: <resources/figures/Acceleration_drop-eps-converted-to.pdf>
(epstopdf)                    date: 2024-05-13 22:15:28
(epstopdf)                    size: 17684 bytes
(epstopdf)             Command: <miktex-epstopdf --outfile=resources/figures/Acceleration_drop-eps-converted-to.pdf resources/figures/Acceleration_drop.eps>
(epstopdf)             \includegraphics on input line 81.
Package epstopdf Info: Output file is already uptodate.


pdfTeX warning: pdflatex (file ./resources/figures/Acceleration_drop-eps-converted-to.pdf): PDF inclusion: found PDF version <1.7>, but at most version <1.5> allowed
<resources/figures/Acceleration_drop-eps-converted-to.pdf, id=185, 1388.18625pt x 704.6325pt>
File: resources/figures/Acceleration_drop-eps-converted-to.pdf Graphic file (type pdf)
<use resources/figures/Acceleration_drop-eps-converted-to.pdf>
Package pdftex.def Info: resources/figures/Acceleration_drop-eps-converted-to.pdf  used on input line 81.
(pdftex.def)             Requested size: 412.80157pt x 209.53131pt.
Package epstopdf Info: Source file: <resources/figures/Gyro_drop.eps>
(epstopdf)                    date: 2024-05-13 22:15:28
(epstopdf)                    size: 27434 bytes
(epstopdf)             Output file: <resources/figures/Gyro_drop-eps-converted-to.pdf>
(epstopdf)                    date: 2024-05-13 22:15:28
(epstopdf)                    size: 14404 bytes
(epstopdf)             Command: <miktex-epstopdf --outfile=resources/figures/Gyro_drop-eps-converted-to.pdf resources/figures/Gyro_drop.eps>
(epstopdf)             \includegraphics on input line 90.
Package epstopdf Info: Output file is already uptodate.


pdfTeX warning: pdflatex (file ./resources/figures/Gyro_drop-eps-converted-to.pdf): PDF inclusion: found PDF version <1.7>, but at most version <1.5> allowed
<resources/figures/Gyro_drop-eps-converted-to.pdf, id=186, 462.72874pt x 347.2975pt>
File: resources/figures/Gyro_drop-eps-converted-to.pdf Graphic file (type pdf)
<use resources/figures/Gyro_drop-eps-converted-to.pdf>
Package pdftex.def Info: resources/figures/Gyro_drop-eps-converted-to.pdf  used on input line 90.
(pdftex.def)             Requested size: 412.80157pt x 309.8304pt.
Package epstopdf Info: Source file: <resources/figures/Pose_drop.eps>
(epstopdf)                    date: 2024-05-13 22:15:28
(epstopdf)                    size: 28859 bytes
(epstopdf)             Output file: <resources/figures/Pose_drop-eps-converted-to.pdf>
(epstopdf)                    date: 2024-05-13 22:15:28
(epstopdf)                    size: 14917 bytes
(epstopdf)             Command: <miktex-epstopdf --outfile=resources/figures/Pose_drop-eps-converted-to.pdf resources/figures/Pose_drop.eps>
(epstopdf)             \includegraphics on input line 100.
Package epstopdf Info: Output file is already uptodate.


pdfTeX warning: pdflatex (file ./resources/figures/Pose_drop-eps-converted-to.pdf): PDF inclusion: found PDF version <1.7>, but at most version <1.5> allowed
<resources/figures/Pose_drop-eps-converted-to.pdf, id=187, 462.72874pt x 347.2975pt>
File: resources/figures/Pose_drop-eps-converted-to.pdf Graphic file (type pdf)
<use resources/figures/Pose_drop-eps-converted-to.pdf>
Package pdftex.def Info: resources/figures/Pose_drop-eps-converted-to.pdf  used on input line 100.
(pdftex.def)             Requested size: 412.80157pt x 309.8304pt.
Package epstopdf Info: Source file: <resources/figures/Fourier_acceleration_drop.eps>
(epstopdf)                    date: 2024-05-13 22:15:28
(epstopdf)                    size: 31337 bytes
(epstopdf)             Output file: <resources/figures/Fourier_acceleration_drop-eps-converted-to.pdf>
(epstopdf)                    date: 2024-05-13 22:15:28
(epstopdf)                    size: 17210 bytes
(epstopdf)             Command: <miktex-epstopdf --outfile=resources/figures/Fourier_acceleration_drop-eps-converted-to.pdf resources/figures/Fourier_acceleration_drop.eps>
(epstopdf)             \includegraphics on input line 117.
Package epstopdf Info: Output file is already uptodate.


pdfTeX warning: pdflatex (file ./resources/figures/Fourier_acceleration_drop-eps-converted-to.pdf): PDF inclusion: found PDF version <1.7>, but at most version <1.5> allowed
<resources/figures/Fourier_acceleration_drop-eps-converted-to.pdf, id=188, 1388.18625pt x 704.6325pt>
File: resources/figures/Fourier_acceleration_drop-eps-converted-to.pdf Graphic file (type pdf)
<use resources/figures/Fourier_acceleration_drop-eps-converted-to.pdf>
Package pdftex.def Info: resources/figures/Fourier_acceleration_drop-eps-converted-to.pdf  used on input line 117.
(pdftex.def)             Requested size: 412.80157pt x 209.53131pt.
[19

 <./resources/figures/Acceleration_drop-eps-converted-to.pdf>] [20 <./resources/figures/Gyro_drop-eps-converted-to.pdf> <./resources/figures/Pose_drop-eps-converted-to.pdf>] [21 <./resources/figures/Fourier_acceleration_drop-eps-converted-to.pdf>]
Package epstopdf Info: Source file: <resources/figures/Acceleration_sawing.eps>
(epstopdf)                    date: 2024-05-13 22:15:28
(epstopdf)                    size: 64237 bytes
(epstopdf)             Output file: <resources/figures/Acceleration_sawing-eps-converted-to.pdf>
(epstopdf)                    date: 2024-05-13 22:15:28
(epstopdf)                    size: 20786 bytes
(epstopdf)             Command: <miktex-epstopdf --outfile=resources/figures/Acceleration_sawing-eps-converted-to.pdf resources/figures/Acceleration_sawing.eps>
(epstopdf)             \includegraphics on input line 136.
Package epstopdf Info: Output file is already uptodate.


pdfTeX warning: pdflatex (file ./resources/figures/Acceleration_sawing-eps-converted-to.pdf): PDF inclusion: found PDF version <1.7>, but at most version <1.5> allowed
<resources/figures/Acceleration_sawing-eps-converted-to.pdf, id=343, 1388.18625pt x 704.6325pt>
File: resources/figures/Acceleration_sawing-eps-converted-to.pdf Graphic file (type pdf)
<use resources/figures/Acceleration_sawing-eps-converted-to.pdf>
Package pdftex.def Info: resources/figures/Acceleration_sawing-eps-converted-to.pdf  used on input line 136.
(pdftex.def)             Requested size: 412.80157pt x 209.53131pt.
Package epstopdf Info: Source file: <resources/figures/Fourier_acceleration_sawing.eps>
(epstopdf)                    date: 2024-05-13 22:15:28
(epstopdf)                    size: 40420 bytes
(epstopdf)             Output file: <resources/figures/Fourier_acceleration_sawing-eps-converted-to.pdf>
(epstopdf)                    date: 2024-05-13 22:15:28
(epstopdf)                    size: 19040 bytes
(epstopdf)             Command: <miktex-epstopdf --outfile=resources/figures/Fourier_acceleration_sawing-eps-converted-to.pdf resources/figures/Fourier_acceleration_sawing.eps>
(epstopdf)             \includegraphics on input line 145.
Package epstopdf Info: Output file is already uptodate.


pdfTeX warning: pdflatex (file ./resources/figures/Fourier_acceleration_sawing-eps-converted-to.pdf): PDF inclusion: found PDF version <1.7>, but at most version <1.5> allowed
<resources/figures/Fourier_acceleration_sawing-eps-converted-to.pdf, id=344, 1388.18625pt x 704.6325pt>
File: resources/figures/Fourier_acceleration_sawing-eps-converted-to.pdf Graphic file (type pdf)
<use resources/figures/Fourier_acceleration_sawing-eps-converted-to.pdf>
Package pdftex.def Info: resources/figures/Fourier_acceleration_sawing-eps-converted-to.pdf  used on input line 145.
(pdftex.def)             Requested size: 412.80157pt x 209.53131pt.
[22

 <./resources/figures/Acceleration_sawing-eps-converted-to.pdf> <./resources/figures/Fourier_acceleration_sawing-eps-converted-to.pdf>]
Package epstopdf Info: Source file: <resources/figures/Acceleration_shaking.eps>
(epstopdf)                    date: 2024-05-13 22:15:28
(epstopdf)                    size: 69460 bytes
(epstopdf)             Output file: <resources/figures/Acceleration_shaking-eps-converted-to.pdf>
(epstopdf)                    date: 2024-05-13 22:15:28
(epstopdf)                    size: 21517 bytes
(epstopdf)             Command: <miktex-epstopdf --outfile=resources/figures/Acceleration_shaking-eps-converted-to.pdf resources/figures/Acceleration_shaking.eps>
(epstopdf)             \includegraphics on input line 168.
Package epstopdf Info: Output file is already uptodate.


pdfTeX warning: pdflatex (file ./resources/figures/Acceleration_shaking-eps-converted-to.pdf): PDF inclusion: found PDF version <1.7>, but at most version <1.5> allowed
<resources/figures/Acceleration_shaking-eps-converted-to.pdf, id=430, 1388.18625pt x 704.6325pt>
File: resources/figures/Acceleration_shaking-eps-converted-to.pdf Graphic file (type pdf)
<use resources/figures/Acceleration_shaking-eps-converted-to.pdf>
Package pdftex.def Info: resources/figures/Acceleration_shaking-eps-converted-to.pdf  used on input line 168.
(pdftex.def)             Requested size: 412.80157pt x 209.53131pt.
Package epstopdf Info: Source file: <resources/figures/Fourier_acceleration_shaking.eps>
(epstopdf)                    date: 2024-05-13 22:15:28
(epstopdf)                    size: 42673 bytes
(epstopdf)             Output file: <resources/figures/Fourier_acceleration_shaking-eps-converted-to.pdf>
(epstopdf)                    date: 2024-05-13 22:15:28
(epstopdf)                    size: 20804 bytes
(epstopdf)             Command: <miktex-epstopdf --outfile=resources/figures/Fourier_acceleration_shaking-eps-converted-to.pdf resources/figures/Fourier_acceleration_shaking.eps>
(epstopdf)             \includegraphics on input line 187.
Package epstopdf Info: Output file is already uptodate.


pdfTeX warning: pdflatex (file ./resources/figures/Fourier_acceleration_shaking-eps-converted-to.pdf): PDF inclusion: found PDF version <1.7>, but at most version <1.5> allowed
<resources/figures/Fourier_acceleration_shaking-eps-converted-to.pdf, id=431, 1388.18625pt x 704.6325pt>
File: resources/figures/Fourier_acceleration_shaking-eps-converted-to.pdf Graphic file (type pdf)
<use resources/figures/Fourier_acceleration_shaking-eps-converted-to.pdf>
Package pdftex.def Info: resources/figures/Fourier_acceleration_shaking-eps-converted-to.pdf  used on input line 187.
(pdftex.def)             Requested size: 412.80157pt x 209.53131pt.

Underfull \vbox (badness 10000) has occurred while \output is active []

 [23

 <./resources/figures/Acceleration_shaking-eps-converted-to.pdf> <./resources/figures/Fourier_acceleration_shaking-eps-converted-to.pdf>]) (sections/conclusion.tex [24]) [25

] (main.bbl
Underfull \hbox (badness 2050) in paragraph at lines 67--71
[]\T1/ptm/m/n/9 A. Lutro, ``Me-dis-in-tyveri kan ende i tragedie,'' \T1/ptm/m/it/9 Net-tavisen\T1/ptm/m/n/9 , Nov 2005. [On-line]. Avail-able:
 []

) [26


] (main.aux) ) 
Here is how much of TeX's memory you used:
 9783 strings out of 475389
 171641 string characters out of 2777000
 566507 words of memory out of 3000000
 30903 multiletter control sequences out of 15000+600000
 582044 words of font info for 140 fonts, out of 8000000 for 9000
 1141 hyphenation exceptions out of 8191
 96i,14n,94p,2360b,601s stack positions out of 10000i,1000n,20000p,200000b,80000s
{C:/Users/larsb/AppData/Local/Programs/MiKTeX/fonts/enc/dvips/base/8r.enc}<C:/Users/larsb/AppData/Local/Programs/MiKTeX/fonts/type1/public/amsfonts/cm/cmex10.pfb><C:/Users/larsb/AppData/Local/Programs/MiKTeX/fonts/type1/public/amsfonts/cm/cmmi12.pfb><C:/Users/larsb/AppData/Local/Programs/MiKTeX/fonts/type1/public/amsfonts/cm/cmmi6.pfb><C:/Users/larsb/AppData/Local/Programs/MiKTeX/fonts/type1/public/amsfonts/cm/cmmi8.pfb><C:/Users/larsb/AppData/Local/Programs/MiKTeX/fonts/type1/public/amsfonts/cm/cmr12.pfb><C:/Users/larsb/AppData/Local/Programs/MiKTeX/fonts/type1/public/amsfonts/cm/cmr8.pfb><C:/Users/larsb/AppData/Local/Programs/MiKTeX/fonts/type1/public/amsfonts/cm/cmsy10.pfb><C:/Users/larsb/AppData/Local/Programs/MiKTeX/fonts/type1/public/amsfonts/cm/cmsy7.pfb><C:/Users/larsb/AppData/Local/Programs/MiKTeX/fonts/type1/public/amsfonts/cm/cmsy8.pfb><C:/Users/larsb/AppData/Local/Programs/MiKTeX/fonts/type1/urw/courier/ucrr8a.pfb><C:/Users/larsb/AppData/Local/Programs/MiKTeX/fonts/type1/urw/times/utmb8a.pfb><C:/Users/larsb/AppData/Local/Programs/MiKTeX/fonts/type1/urw/times/utmr8a.pfb><C:/Users/larsb/AppData/Local/Programs/MiKTeX/fonts/type1/urw/times/utmri8a.pfb>
Output written on main.pdf (27 pages, 690858 bytes).
PDF statistics:
 586 PDF objects out of 1000 (max. 8388607)
 0 named destinations out of 1000 (max. 500000)
 86 words of extra memory for PDF output out of 10000 (max. 10000000)

